mode: set
leal.co/orders/internal/domain/order.go:36.51,40.2 1 1
leal.co/orders/internal/domain/order.go:42.59,45.20 2 1
leal.co/orders/internal/domain/order.go:49.2,50.20 2 1
leal.co/orders/internal/domain/order.go:54.2,55.41 2 1
leal.co/orders/internal/domain/order.go:59.2,69.12 3 1
leal.co/orders/internal/domain/order.go:45.20,47.3 1 1
leal.co/orders/internal/domain/order.go:50.20,52.3 1 1
leal.co/orders/internal/domain/order.go:55.41,57.3 1 1
leal.co/orders/internal/ports/api.go:16.57,20.2 1 1
leal.co/orders/internal/ports/api.go:22.76,30.49 5 1
leal.co/orders/internal/ports/api.go:35.3,42.17 3 1
leal.co/orders/internal/ports/api.go:47.3,48.25 2 1
leal.co/orders/internal/ports/api.go:30.49,33.4 2 1
leal.co/orders/internal/ports/api.go:42.17,45.4 2 0
leal.co/orders/internal/adapters/sql.go:14.57,18.2 1 1
leal.co/orders/internal/adapters/sql.go:20.72,24.25 2 1
leal.co/orders/internal/adapters/sql.go:28.3,28.43 1 1
leal.co/orders/internal/adapters/sql.go:36.3,36.13 1 1
leal.co/orders/internal/adapters/sql.go:24.25,26.3 1 0
leal.co/orders/internal/adapters/sql.go:28.43,31.19 2 1
leal.co/orders/internal/adapters/sql.go:31.19,33.6 1 0
leal.co/orders/internal/adapters/sql.go:39.62,43.17 3 1
leal.co/orders/internal/adapters/sql.go:48.3,48.13 1 1
leal.co/orders/internal/adapters/sql.go:43.17,46.4 2 0
leal.co/orders/internal/adapters/sql.go:51.64,56.17 3 1
leal.co/orders/internal/adapters/sql.go:61.3,61.13 1 1
leal.co/orders/internal/adapters/sql.go:56.17,59.4 2 0
leal.co/orders/internal/use_cases/orders_service.go:13.47,17.2 1 1
leal.co/orders/internal/use_cases/orders_service.go:23.63,27.2 2 1
