mode: set
leal.co/orders/internal/adapters/sql.go:14.57,18.2 1 1
leal.co/orders/internal/adapters/sql.go:20.72,24.25 2 1
leal.co/orders/internal/adapters/sql.go:28.3,28.43 1 1
leal.co/orders/internal/adapters/sql.go:36.3,36.13 1 1
leal.co/orders/internal/adapters/sql.go:24.25,26.3 1 0
leal.co/orders/internal/adapters/sql.go:28.43,31.19 2 1
leal.co/orders/internal/adapters/sql.go:31.19,33.6 1 0
leal.co/orders/internal/adapters/sql.go:39.62,43.17 3 1
leal.co/orders/internal/adapters/sql.go:48.3,48.13 1 1
leal.co/orders/internal/adapters/sql.go:43.17,46.4 2 0
leal.co/orders/internal/adapters/sql.go:51.64,56.17 3 1
leal.co/orders/internal/adapters/sql.go:61.3,61.13 1 1
leal.co/orders/internal/adapters/sql.go:56.17,59.4 2 0
